<?xml version="1.0" encoding="UTF-8"?>
<!-- Generated by org.testng.reporters.JUnitReportReporter -->
<testsuite hostname="lenovo-PC" name="annotations.PriorityInvocationCount" tests="4" failures="0" timestamp="11 Aug 2020 15:07:47 GMT" time="0.015" errors="0">
  <testcase name="navin" time="0.000" classname="annotations.PriorityInvocationCount"/>
  <testcase name="manish" time="0.000" classname="annotations.PriorityInvocationCount"/>
  <testcase name="manish" time="0.015" classname="annotations.PriorityInvocationCount"/>
  <testcase name="manish" time="0.000" classname="annotations.PriorityInvocationCount"/>
</testsuite> <!-- annotations.PriorityInvocationCount -->
