<?xml version="1.0" encoding="UTF-8"?>
<!-- Generated by org.testng.reporters.JUnitReportReporter -->
<testsuite hostname="lenovo-PC" name="annotations.Priority" tests="5" failures="0" timestamp="11 Aug 2020 04:49:44 GMT" time="0.032" errors="0">
  <testcase name="rakesh" time="0.016" classname="annotations.Priority"/>
  <testcase name="kishor" time="0.016" classname="annotations.Priority"/>
  <testcase name="navin" time="0.000" classname="annotations.Priority"/>
  <testcase name="manish" time="0.000" classname="annotations.Priority"/>
  <testcase name="anish" time="0.000" classname="annotations.Priority"/>
</testsuite> <!-- annotations.Priority -->
