<?xml version="1.0" encoding="UTF-8"?>
<!-- Generated by org.testng.reporters.JUnitReportReporter -->
<testsuite hostname="lenovo-PC" name="annotations.MultipleTestMethod" tests="3" failures="0" timestamp="11 Aug 2020 04:33:45 GMT" time="0.000" errors="0">
  <testcase name="manish" time="0.000" classname="annotations.MultipleTestMethod"/>
  <testcase name="navin" time="0.000" classname="annotations.MultipleTestMethod"/>
  <testcase name="rakesh" time="0.000" classname="annotations.MultipleTestMethod"/>
</testsuite> <!-- annotations.MultipleTestMethod -->
