<?xml version="1.0" encoding="UTF-8"?>
<!-- Generated by org.testng.reporters.JUnitReportReporter -->
<testsuite hostname="lenovo-PC" name="annotations.TestNGAnnotations" tests="3" failures="0" timestamp="22 Jul 2020 13:54:10 GMT" time="0.015" errors="0">
  <testcase name="namisha" time="0.000" classname="annotations.TestNGAnnotations"/>
  <testcase name="kumar" time="0.015" classname="annotations.TestNGAnnotations"/>
  <testcase name="pooja" time="0.000" classname="annotations.TestNGAnnotations"/>
</testsuite> <!-- annotations.TestNGAnnotations -->
