<?xml version="1.0" encoding="UTF-8"?>
<!-- Generated by org.testng.reporters.JUnitReportReporter -->
<testsuite hostname="lenovo-PC" name="annotations.Navin" tests="1" failures="0" timestamp="15 Aug 2020 19:01:29 GMT" time="0.012" errors="0">
  <testcase name="manish" time="0.012" classname="annotations.Navin"/>
</testsuite> <!-- annotations.Navin -->
