<?xml version="1.0" encoding="UTF-8"?>
<!-- Generated by org.testng.reporters.JUnitReportReporter -->
<testsuite hostname="lenovo-PC" name="annotations.InvocationCount" tests="4" failures="0" timestamp="11 Aug 2020 04:54:06 GMT" time="0.000" errors="0">
  <testcase name="navin" time="0.000" classname="annotations.InvocationCount"/>
  <testcase name="manish" time="0.000" classname="annotations.InvocationCount"/>
  <testcase name="manish" time="0.000" classname="annotations.InvocationCount"/>
  <testcase name="manish" time="0.000" classname="annotations.InvocationCount"/>
</testsuite> <!-- annotations.InvocationCount -->
