<?xml version="1.0" encoding="UTF-8"?>
<!-- Generated by org.testng.reporters.JUnitReportReporter -->
<testsuite hostname="lenovo-PC" name="test.TESTActimeCustomer" tests="1" failures="0" timestamp="7 Aug 2020 11:11:20 GMT" time="49.619" errors="0">
  <testcase name="createCustomer" time="49.619" classname="test.TESTActimeCustomer"/>
</testsuite> <!-- test.TESTActimeCustomer -->
